{"/mnt/c/github/frontend-project-46/src/gendiff.js": {"path":"/mnt/c/github/frontend-project-46/src/gendiff.js","statementMap":{"0":{"start":{"line":5,"column":24},"end":{"line":5,"column":75}},"1":{"start":{"line":5,"column":38},"end":{"line":5,"column":75}},"2":{"start":{"line":7,"column":12},"end":{"line":24,"column":1}},"3":{"start":{"line":8,"column":19},"end":{"line":8,"column":40}},"4":{"start":{"line":9,"column":19},"end":{"line":9,"column":40}},"5":{"start":{"line":10,"column":18},"end":{"line":10,"column":54}},"6":{"start":{"line":11,"column":17},"end":{"line":22,"column":8}},"7":{"start":{"line":12,"column":4},"end":{"line":20,"column":5}},"8":{"start":{"line":13,"column":6},"end":{"line":13,"column":42}},"9":{"start":{"line":14,"column":11},"end":{"line":20,"column":5}},"10":{"start":{"line":15,"column":6},"end":{"line":15,"column":44}},"11":{"start":{"line":16,"column":11},"end":{"line":20,"column":5}},"12":{"start":{"line":17,"column":6},"end":{"line":17,"column":82}},"13":{"start":{"line":19,"column":6},"end":{"line":19,"column":46}},"14":{"start":{"line":21,"column":4},"end":{"line":21,"column":15}},"15":{"start":{"line":23,"column":2},"end":{"line":23,"column":16}},"16":{"start":{"line":26,"column":16},"end":{"line":45,"column":1}},"17":{"start":{"line":27,"column":18},"end":{"line":27,"column":37}},"18":{"start":{"line":29,"column":17},"end":{"line":42,"column":8}},"19":{"start":{"line":30,"column":28},"end":{"line":30,"column":32}},"20":{"start":{"line":31,"column":4},"end":{"line":40,"column":5}},"21":{"start":{"line":32,"column":6},"end":{"line":32,"column":35}},"22":{"start":{"line":33,"column":11},"end":{"line":40,"column":5}},"23":{"start":{"line":34,"column":6},"end":{"line":34,"column":35}},"24":{"start":{"line":35,"column":11},"end":{"line":40,"column":5}},"25":{"start":{"line":36,"column":6},"end":{"line":36,"column":35}},"26":{"start":{"line":37,"column":11},"end":{"line":40,"column":5}},"27":{"start":{"line":38,"column":6},"end":{"line":38,"column":43}},"28":{"start":{"line":39,"column":6},"end":{"line":39,"column":43}},"29":{"start":{"line":41,"column":4},"end":{"line":41,"column":15}},"30":{"start":{"line":44,"column":2},"end":{"line":44,"column":16}},"31":{"start":{"line":47,"column":16},"end":{"line":56,"column":1}},"32":{"start":{"line":48,"column":20},"end":{"line":48,"column":42}},"33":{"start":{"line":49,"column":20},"end":{"line":49,"column":42}},"34":{"start":{"line":50,"column":16},"end":{"line":50,"column":39}},"35":{"start":{"line":51,"column":16},"end":{"line":51,"column":39}},"36":{"start":{"line":52,"column":22},"end":{"line":52,"column":39}},"37":{"start":{"line":53,"column":22},"end":{"line":53,"column":39}},"38":{"start":{"line":54,"column":20},"end":{"line":54,"column":49}},"39":{"start":{"line":55,"column":2},"end":{"line":55,"column":28}}},"fnMap":{"0":{"name":"(anonymous_0)","decl":{"start":{"line":5,"column":24},"end":{"line":5,"column":25}},"loc":{"start":{"line":5,"column":38},"end":{"line":5,"column":75}},"line":5},"1":{"name":"(anonymous_1)","decl":{"start":{"line":7,"column":12},"end":{"line":7,"column":13}},"loc":{"start":{"line":7,"column":30},"end":{"line":24,"column":1}},"line":7},"2":{"name":"(anonymous_2)","decl":{"start":{"line":11,"column":32},"end":{"line":11,"column":33}},"loc":{"start":{"line":11,"column":55},"end":{"line":22,"column":3}},"line":11},"3":{"name":"(anonymous_3)","decl":{"start":{"line":26,"column":16},"end":{"line":26,"column":17}},"loc":{"start":{"line":26,"column":25},"end":{"line":45,"column":1}},"line":26},"4":{"name":"(anonymous_4)","decl":{"start":{"line":29,"column":32},"end":{"line":29,"column":33}},"loc":{"start":{"line":29,"column":54},"end":{"line":42,"column":3}},"line":29},"5":{"name":"(anonymous_5)","decl":{"start":{"line":47,"column":16},"end":{"line":47,"column":17}},"loc":{"start":{"line":47,"column":34},"end":{"line":56,"column":1}},"line":47}},"branchMap":{"0":{"loc":{"start":{"line":12,"column":4},"end":{"line":20,"column":5}},"type":"if","locations":[{"start":{"line":12,"column":4},"end":{"line":20,"column":5}},{"start":{"line":14,"column":11},"end":{"line":20,"column":5}}],"line":12},"1":{"loc":{"start":{"line":14,"column":11},"end":{"line":20,"column":5}},"type":"if","locations":[{"start":{"line":14,"column":11},"end":{"line":20,"column":5}},{"start":{"line":16,"column":11},"end":{"line":20,"column":5}}],"line":14},"2":{"loc":{"start":{"line":16,"column":11},"end":{"line":20,"column":5}},"type":"if","locations":[{"start":{"line":16,"column":11},"end":{"line":20,"column":5}},{"start":{"line":18,"column":11},"end":{"line":20,"column":5}}],"line":16},"3":{"loc":{"start":{"line":31,"column":4},"end":{"line":40,"column":5}},"type":"if","locations":[{"start":{"line":31,"column":4},"end":{"line":40,"column":5}},{"start":{"line":33,"column":11},"end":{"line":40,"column":5}}],"line":31},"4":{"loc":{"start":{"line":33,"column":11},"end":{"line":40,"column":5}},"type":"if","locations":[{"start":{"line":33,"column":11},"end":{"line":40,"column":5}},{"start":{"line":35,"column":11},"end":{"line":40,"column":5}}],"line":33},"5":{"loc":{"start":{"line":35,"column":11},"end":{"line":40,"column":5}},"type":"if","locations":[{"start":{"line":35,"column":11},"end":{"line":40,"column":5}},{"start":{"line":37,"column":11},"end":{"line":40,"column":5}}],"line":35},"6":{"loc":{"start":{"line":37,"column":11},"end":{"line":40,"column":5}},"type":"if","locations":[{"start":{"line":37,"column":11},"end":{"line":40,"column":5}},{"start":{},"end":{}}],"line":37}},"s":{"0":1,"1":2,"2":1,"3":1,"4":1,"5":1,"6":1,"7":7,"8":1,"9":6,"10":2,"11":4,"12":2,"13":2,"14":7,"15":1,"16":1,"17":1,"18":1,"19":5,"20":5,"21":2,"22":3,"23":1,"24":2,"25":1,"26":1,"27":1,"28":1,"29":5,"30":1,"31":1,"32":1,"33":1,"34":1,"35":1,"36":1,"37":1,"38":1,"39":1},"f":{"0":2,"1":1,"2":7,"3":1,"4":5,"5":1},"b":{"0":[1,6],"1":[2,4],"2":[2,2],"3":[2,3],"4":[1,2],"5":[1,1],"6":[1,0]},"_coverageSchema":"1a1c01bbd47fc00a2c39e90264f33305004495a9","hash":"06764c5ac0fdf374aa15757cd134cf235c86371f"}
}
