TN:
SF:src/gendiff.js
FN:5,(anonymous_0)
FN:7,(anonymous_1)
FN:11,(anonymous_2)
FN:26,(anonymous_3)
FN:29,(anonymous_4)
FN:47,(anonymous_5)
FNF:6
FNH:6
FNDA:2,(anonymous_0)
FNDA:1,(anonymous_1)
FNDA:7,(anonymous_2)
FNDA:1,(anonymous_3)
FNDA:5,(anonymous_4)
FNDA:1,(anonymous_5)
DA:5,2
DA:7,1
DA:8,1
DA:9,1
DA:10,1
DA:11,1
DA:12,7
DA:13,1
DA:14,6
DA:15,2
DA:16,4
DA:17,2
DA:19,2
DA:21,7
DA:23,1
DA:26,1
DA:27,1
DA:29,1
DA:30,5
DA:31,5
DA:32,2
DA:33,3
DA:34,1
DA:35,2
DA:36,1
DA:37,1
DA:38,1
DA:39,1
DA:41,5
DA:44,1
DA:47,1
DA:48,1
DA:49,1
DA:50,1
DA:51,1
DA:52,1
DA:53,1
DA:54,1
DA:55,1
LF:39
LH:39
BRDA:12,0,0,1
BRDA:12,0,1,6
BRDA:14,1,0,2
BRDA:14,1,1,4
BRDA:16,2,0,2
BRDA:16,2,1,2
BRDA:31,3,0,2
BRDA:31,3,1,3
BRDA:33,4,0,1
BRDA:33,4,1,2
BRDA:35,5,0,1
BRDA:35,5,1,1
BRDA:37,6,0,1
BRDA:37,6,1,0
BRF:14
BRH:13
end_of_record
